TN:
SF:D:\CompressedGameNotation\cgn\src\benchmark.rs
FNF:0
DA:27,0
DA:32,0
DA:35,0
DA:36,0
DA:37,0
DA:38,0
DA:41,0
DA:44,0
DA:45,0
DA:46,0
DA:47,0
DA:50,0
DA:53,0
DA:56,0
DA:57,0
DA:58,0
DA:59,0
LF:17
LH:0
end_of_record
TN:
SF:D:\CompressedGameNotation\cgn\src\compression.rs
FNF:0
DA:8,1
DA:10,1
DA:11,1
DA:12,1
DA:15,1
DA:16,1
DA:17,1
DA:21,1
DA:22,1
DA:23,1
LF:10
LH:10
end_of_record
TN:
SF:D:\CompressedGameNotation\cgn\src\lib.rs
FNF:0
DA:19,0
DA:20,0
DA:21,0
DA:30,0
DA:31,0
DA:32,0
LF:6
LH:0
end_of_record
TN:
SF:D:\CompressedGameNotation\cgn\src\pgn_data.rs
FNF:0
DA:25,3
DA:27,3
DA:28,3
DA:29,3
DA:30,3
DA:31,3
DA:32,3
DA:33,3
DA:34,3
DA:39,3
DA:40,3
DA:41,3
DA:42,3
DA:48,1
DA:49,1
DA:50,1
DA:51,1
DA:52,1
DA:53,1
DA:54,1
DA:55,1
DA:61,2
DA:63,2
DA:64,2
DA:65,2
DA:66,2
DA:67,2
DA:68,2
DA:69,2
DA:70,2
DA:73,2
DA:74,192
DA:75,286
DA:76,96
DA:78,190
DA:79,190
DA:83,2
DA:86,2
LF:38
LH:38
end_of_record
TN:
SF:D:\CompressedGameNotation\cgn\src\pgn_db_iter.rs
FNF:0
DA:13,4
DA:16,4
DA:26,6
DA:27,6
DA:30,56
DA:31,56
DA:32,56
DA:33,4
DA:34,0
DA:36,56
DA:37,2
DA:39,51
DA:40,1
DA:43,48
DA:45,1
DA:50,5
DA:51,2
DA:53,3
DA:59,4
DA:60,4
DA:61,4
DA:62,4
LF:22
LH:21
end_of_record
TN:
SF:D:\CompressedGameNotation\cgn\src\pgn_vistor.rs
FNF:0
DA:11,3
DA:13,3
DA:25,42
DA:27,21
DA:28,24
DA:29,21
DA:30,18
DA:31,15
DA:32,12
DA:33,9
DA:34,6
DA:35,0
DA:41,285
DA:43,285
DA:47,3
DA:49,3
LF:16
LH:15
end_of_record
TN:
SF:D:\CompressedGameNotation\cgn\src\san_plus_wrapper.rs
FNF:0
DA:11,95
DA:15,95
DA:21,95
DA:25,95
DA:26,95
DA:27,95
LF:6
LH:6
end_of_record
