TN:
SF:D:\CompressedGameNotation\cgn\src\benchmark.rs
FNF:0
DA:27,1
DA:32,1
DA:35,1
DA:36,1
DA:37,1
DA:38,1
DA:41,1
DA:44,1
DA:45,1
DA:46,1
DA:47,1
DA:50,1
DA:53,1
DA:56,1
DA:57,1
DA:58,1
DA:59,1
LF:17
LH:17
end_of_record
TN:
SF:D:\CompressedGameNotation\cgn\src\compression.rs
FNF:0
DA:8,3
DA:10,3
DA:11,3
DA:12,3
DA:15,3
DA:16,3
DA:17,3
DA:21,2
DA:22,2
DA:23,2
LF:10
LH:10
end_of_record
TN:
SF:D:\CompressedGameNotation\cgn\src\lib.rs
FNF:0
DA:19,0
DA:20,0
DA:21,0
DA:30,0
DA:31,0
DA:32,0
LF:6
LH:0
end_of_record
TN:
SF:D:\CompressedGameNotation\cgn\src\pgn_data.rs
FNF:0
DA:25,4
DA:27,4
DA:28,4
DA:29,4
DA:30,4
DA:31,4
DA:32,4
DA:33,4
DA:34,4
DA:39,4
DA:40,4
DA:41,4
DA:42,4
DA:48,2
DA:49,2
DA:50,2
DA:51,2
DA:52,2
DA:53,2
DA:54,2
DA:55,2
DA:61,3
DA:63,3
DA:64,3
DA:65,3
DA:66,3
DA:67,3
DA:68,3
DA:69,3
DA:70,3
DA:73,3
DA:74,288
DA:75,429
DA:76,144
DA:78,285
DA:79,285
DA:83,3
DA:86,3
LF:38
LH:38
end_of_record
TN:
SF:D:\CompressedGameNotation\cgn\src\pgn_db_iter.rs
FNF:0
DA:13,4
DA:16,4
DA:26,6
DA:27,6
DA:30,56
DA:31,56
DA:32,56
DA:33,4
DA:34,0
DA:36,56
DA:37,2
DA:39,51
DA:40,1
DA:43,48
DA:45,1
DA:50,5
DA:51,2
DA:53,3
DA:59,4
DA:60,4
DA:61,4
DA:62,4
LF:22
LH:21
end_of_record
TN:
SF:D:\CompressedGameNotation\cgn\src\pgn_vistor.rs
FNF:0
DA:11,4
DA:13,4
DA:25,56
DA:27,28
DA:28,32
DA:29,28
DA:30,24
DA:31,20
DA:32,16
DA:33,12
DA:34,8
DA:35,0
DA:41,380
DA:43,380
DA:47,4
DA:49,4
LF:16
LH:15
end_of_record
TN:
SF:D:\CompressedGameNotation\cgn\src\san_plus_wrapper.rs
FNF:0
DA:11,285
DA:15,285
DA:21,190
DA:25,190
DA:26,190
DA:27,190
LF:6
LH:6
end_of_record
